<?xml version="1.0" encoding="UTF-8"?>
<testsuite name="MainTest" tests="5" skipped="0" failures="0" errors="0" timestamp="2019-07-28T18:00:18" hostname="DESKTOP-03OA7I3" time="10.166">
  <properties/>
  <testcase name="teste1" classname="MainTest" time="2.511"/>
  <testcase name="teste2" classname="MainTest" time="2.2"/>
  <testcase name="teste3" classname="MainTest" time="2.146"/>
  <testcase name="teste4" classname="MainTest" time="1.891"/>
  <testcase name="populate" classname="MainTest" time="1.417"/>
  <system-out><![CDATA[]]></system-out>
  <system-err><![CDATA[]]></system-err>
</testsuite>
